Determining if the pthread_create exist failed with the following output:
Change Dir: /home/kukulai/Documents/Code ML/recognize/CMakeFiles/CMakeTmp

Run Build Command:"/usr/bin/make" "cmTC_9f0be/fast"
/usr/bin/make -f CMakeFiles/cmTC_9f0be.dir/build.make CMakeFiles/cmTC_9f0be.dir/build
make[1]: Entering directory '/home/kukulai/Documents/Code ML/recognize/CMakeFiles/CMakeTmp'
Building C object CMakeFiles/cmTC_9f0be.dir/CheckSymbolExists.c.o
/usr/bin/cc   -fPIC    -o CMakeFiles/cmTC_9f0be.dir/CheckSymbolExists.c.o   -c "/home/kukulai/Documents/Code ML/recognize/CMakeFiles/CMakeTmp/CheckSymbolExists.c"
Linking C executable cmTC_9f0be
/usr/bin/cmake -E cmake_link_script CMakeFiles/cmTC_9f0be.dir/link.txt --verbose=1
/usr/bin/cc -fPIC     -rdynamic CMakeFiles/cmTC_9f0be.dir/CheckSymbolExists.c.o  -o cmTC_9f0be 
CMakeFiles/cmTC_9f0be.dir/CheckSymbolExists.c.o: In function `main':
CheckSymbolExists.c:(.text+0x14): undefined reference to `pthread_create'
CheckSymbolExists.c:(.text+0x18): undefined reference to `pthread_create'
collect2: error: ld returned 1 exit status
CMakeFiles/cmTC_9f0be.dir/build.make:97: recipe for target 'cmTC_9f0be' failed
make[1]: *** [cmTC_9f0be] Error 1
make[1]: Leaving directory '/home/kukulai/Documents/Code ML/recognize/CMakeFiles/CMakeTmp'
Makefile:126: recipe for target 'cmTC_9f0be/fast' failed
make: *** [cmTC_9f0be/fast] Error 2

File /home/kukulai/Documents/Code ML/recognize/CMakeFiles/CMakeTmp/CheckSymbolExists.c:
/* */
#include <pthread.h>

int main(int argc, char** argv)
{
  (void)argv;
#ifndef pthread_create
  return ((int*)(&pthread_create))[argc];
#else
  (void)argc;
  return 0;
#endif
}

Determining if the function pthread_create exists in the pthreads failed with the following output:
Change Dir: /home/kukulai/Documents/Code ML/recognize/CMakeFiles/CMakeTmp

Run Build Command:"/usr/bin/make" "cmTC_efbbb/fast"
/usr/bin/make -f CMakeFiles/cmTC_efbbb.dir/build.make CMakeFiles/cmTC_efbbb.dir/build
make[1]: Entering directory '/home/kukulai/Documents/Code ML/recognize/CMakeFiles/CMakeTmp'
Building C object CMakeFiles/cmTC_efbbb.dir/CheckFunctionExists.c.o
/usr/bin/cc   -fPIC -DCHECK_FUNCTION_EXISTS=pthread_create   -o CMakeFiles/cmTC_efbbb.dir/CheckFunctionExists.c.o   -c /usr/share/cmake-3.10/Modules/CheckFunctionExists.c
Linking C executable cmTC_efbbb
/usr/bin/cmake -E cmake_link_script CMakeFiles/cmTC_efbbb.dir/link.txt --verbose=1
/usr/bin/cc -fPIC -DCHECK_FUNCTION_EXISTS=pthread_create    -rdynamic CMakeFiles/cmTC_efbbb.dir/CheckFunctionExists.c.o  -o cmTC_efbbb -lpthreads 
/usr/bin/ld: cannot find -lpthreads
collect2: error: ld returned 1 exit status
CMakeFiles/cmTC_efbbb.dir/build.make:97: recipe for target 'cmTC_efbbb' failed
make[1]: *** [cmTC_efbbb] Error 1
make[1]: Leaving directory '/home/kukulai/Documents/Code ML/recognize/CMakeFiles/CMakeTmp'
Makefile:126: recipe for target 'cmTC_efbbb/fast' failed
make: *** [cmTC_efbbb/fast] Error 2


